#
# There is insufficient memory for the Java Runtime Environment to continue.
# Native memory allocation (malloc) failed to allocate 32744 bytes for ChunkPool::allocate
# Possible reasons:
#   The system is out of physical RAM or swap space
#   The process is running with CompressedOops enabled, and the Java Heap may be blocking the growth of the native heap
# Possible solutions:
#   Reduce memory load on the system
#   Increase physical memory or swap space
#   Check if swap backing store is full
#   Decrease Java heap size (-Xmx/-Xms)
#   Decrease number of Java threads
#   Decrease Java thread stack sizes (-Xss)
#   Set larger code cache with -XX:ReservedCodeCacheSize=
#   JVM is running with Unscaled Compressed Oops mode in which the Java heap is
#     placed in the first 4GB address space. The Java Heap base address is the
#     maximum limit for the native heap growth. Please use -XX:HeapBaseMinAddress
#     to set the Java Heap base and to place the Java Heap above 4GB virtual address.
# This output file may be truncated or incomplete.
#
#  Out of Memory Error (./open/src/hotspot/share/memory/arena.cpp:81), pid=15064, tid=15964
#
# JRE version: Java(TM) SE Runtime Environment 18.9 (11.0.13+10) (build 11.0.13+10-LTS-370)
# Java VM: Java HotSpot(TM) 64-Bit Server VM 18.9 (11.0.13+10-LTS-370, mixed mode, tiered, compressed oops, g1 gc, windows-amd64)
# No core dump will be written. Minidumps are not enabled by default on client versions of Windows
#

---------------  S U M M A R Y ------------

Command Line: -Dfile.encoding=Cp1252 br.com.fiap.posto.Application

Host: Intel(R) Core(TM) i7-8550U CPU @ 1.80GHz, 8 cores, 7G,  Windows 10 , 64 bit Build 18362 (10.0.18362.1110)
Time: Mon Jun  6 22:56:57 2022 Hora oficial do Brasil elapsed time: 205.025617 seconds (0d 0h 3m 25s)

---------------  T H R E A D  ---------------

Current thread (0x000001a3f4b86000):  VMThread "VM Thread" [stack: 0x0000009501000000,0x0000009501100000] [id=15964] _threads_hazard_ptr=0x000001a3f8fa11b0

Stack: [0x0000009501000000,0x0000009501100000]
[error occurred during error reporting (printing stack bounds), id 0xc0000005, EXCEPTION_ACCESS_VIOLATION (0xc0000005) at pc=0x000001a3de300f2d]

Native frames: (J=compiled Java code, j=interpreted, Vv=VM code, C=native code)
V  [jvm.dll+0x62870a]
V  [jvm.dll+0x761f2f]
V  [jvm.dll+0x7635d9]
V  [jvm.dll+0x763bc5]
V  [jvm.dll+0x763b7b]
V  [jvm.dll+0x627c53]
V  [jvm.dll+0x628308]
C  [ntdll.dll+0xa184f]
C  [ntdll.dll+0x6a889]
C  [ntdll.dll+0xa04be]
C  0x000001a3de300f2d

VM_Operation (0x00000095024faa50): BulkRevokeBias, mode: safepoint, requested by thread 0x000001a3f9ea5000


---------------  P R O C E S S  ---------------

Threads class SMR info:
_java_thread_list=0x000001a3f8fa11b0, length=15, elements={
0x000001a3f4bad000, 0x000001a3f4bb6000, 0x000001a3f4bc4800, 0x000001a3f4bc5800,
0x000001a3f4bc7000, 0x000001a3f4bca000, 0x000001a3f556a000, 0x000001a3f558d000,
0x000001a3f56c8000, 0x000001a3f5b39800, 0x000001a3f5b66800, 0x000001a3f7239000,
0x000001a3fa5da800, 0x000001a3f9ea5000, 0x000001a3d6ce0000
}

Java Threads: ( => current thread )
  0x000001a3f4bad000 JavaThread "Reference Handler" daemon [_thread_blocked, id=12736, stack(0x0000009501100000,0x0000009501200000)]
  0x000001a3f4bb6000 JavaThread "Finalizer" daemon [_thread_blocked, id=9920, stack(0x0000009501200000,0x0000009501300000)]
  0x000001a3f4bc4800 JavaThread "Signal Dispatcher" daemon [_thread_blocked, id=3648, stack(0x0000009501300000,0x0000009501400000)]
  0x000001a3f4bc5800 JavaThread "Attach Listener" daemon [_thread_blocked, id=12852, stack(0x0000009501400000,0x0000009501500000)]
  0x000001a3f4bc7000 JavaThread "Service Thread" daemon [_thread_blocked, id=9936, stack(0x0000009501500000,0x0000009501600000)]
  0x000001a3f4bca000 JavaThread "C2 CompilerThread0" daemon [_thread_blocked, id=10368, stack(0x0000009501600000,0x0000009501700000)]
  0x000001a3f556a000 JavaThread "C1 CompilerThread0" daemon [_thread_blocked, id=12856, stack(0x0000009501700000,0x0000009501800000)]
  0x000001a3f558d000 JavaThread "Sweeper thread" daemon [_thread_blocked, id=12500, stack(0x0000009501800000,0x0000009501900000)]
  0x000001a3f56c8000 JavaThread "Common-Cleaner" daemon [_thread_blocked, id=11916, stack(0x0000009501a00000,0x0000009501b00000)]
  0x000001a3f5b39800 JavaThread "Java2D Disposer" daemon [_thread_blocked, id=11172, stack(0x0000009501c00000,0x0000009501d00000)]
  0x000001a3f5b66800 JavaThread "AWT-Windows" daemon [_thread_blocked, id=14104, stack(0x0000009501e00000,0x0000009501f00000)]
  0x000001a3f7239000 JavaThread "Hibernate Connection Pool Validation Thread" daemon [_thread_blocked, id=15556, stack(0x0000009501d00000,0x0000009501e00000)]
  0x000001a3fa5da800 JavaThread "AWT-Shutdown" [_thread_blocked, id=14784, stack(0x0000009502300000,0x0000009502400000)]
  0x000001a3f9ea5000 JavaThread "AWT-EventQueue-0" [_thread_blocked, id=15776, stack(0x0000009502400000,0x0000009502500000)]
  0x000001a3d6ce0000 JavaThread "DestroyJavaVM" [_thread_blocked, id=8896, stack(0x0000009500a00000,0x0000009500b00000)]

Other Threads:
=>0x000001a3f4b86000 VMThread "VM Thread" [stack: 0x0000009501000000,0x0000009501100000] [id=15964] _threads_hazard_ptr=0x000001a3f8fa11b0
  0x000001a3f56cf800 WatcherThread [stack: 0x0000009501900000,0x0000009501a00000] [id=11468]
  0x000001a3d6cf4000 GCTaskThread "GC Thread#0" [stack: 0x0000009500b00000,0x0000009500c00000] [id=11432]
  0x000001a3f5e97000 GCTaskThread "GC Thread#1" [stack: 0x0000009501f00000,0x0000009502000000] [id=1060]
  0x000001a3f5e97800 GCTaskThread "GC Thread#2" [stack: 0x0000009502000000,0x0000009502100000] [id=3812]
  0x000001a3f7217800 GCTaskThread "GC Thread#3" [stack: 0x0000009502100000,0x0000009502200000] [id=5616]
  0x000001a3d6d24000 ConcurrentGCThread "G1 Main Marker" [stack: 0x0000009500c00000,0x0000009500d00000] [id=3936]
  0x000001a3d6d26800 ConcurrentGCThread "G1 Conc#0" [stack: 0x0000009500d00000,0x0000009500e00000] [id=16152]
  0x000001a3f717e800 ConcurrentGCThread "G1 Conc#1" [stack: 0x0000009502200000,0x0000009502300000] [id=7972]
  0x000001a3d6dad800 ConcurrentGCThread "G1 Refine#0" [stack: 0x0000009500e00000,0x0000009500f00000] [id=15180]
  0x000001a3d6dae000 ConcurrentGCThread "G1 Young RemSet Sampling" [stack: 0x0000009500f00000,0x0000009501000000] [id=10648]

Threads with active compile tasks:
C1 CompilerThread0 205050 2618       3       java.awt.geom.AffineTransform::equals (92 bytes)

VM state:at safepoint (normal execution)

VM Mutex/Monitor currently owned by a thread:  ([mutex/lock_event])
[0x000001a3d6cdb7c0] Threads_lock - owner thread: 0x000001a3f4b86000

Heap address: 0x0000000081c00000, size: 2020 MB, Compressed Oops mode: 32-bit
Narrow klass base: 0x0000000000000000, Narrow klass shift: 3
Compressed class space size: 1073741824 Address: 0x0000000100000000

Heap:
 garbage-first heap   total 131072K, used 42553K [0x0000000081c00000, 0x0000000100000000)
  region size 1024K, 35 young (35840K), 5 survivors (5120K)
 Metaspace       used 43916K, capacity 44627K, committed 44928K, reserved 1089536K
  class space    used 5355K, capacity 5663K, committed 5760K, reserved 1048576K
Heap Regions: E=young(eden), S=young(survivor), O=old, HS=humongous(starts), HC=humongous(continues), CS=collection set, F=free, A=archive, TAMS=top-at-mark-start (previous, next)
|   0|0x0000000081c00000, 0x0000000081d00000, 0x0000000081d00000|100%|HS|  |TAMS 0x0000000081d00000, 0x0000000081c00000| Complete 
|   1|0x0000000081d00000, 0x0000000081e00000, 0x0000000081e00000|100%| O|  |TAMS 0x0000000081e00000, 0x0000000081d00000| Untracked 
|   2|0x0000000081e00000, 0x0000000081f00000, 0x0000000081f00000|100%| O|  |TAMS 0x0000000081f00000, 0x0000000081e00000| Untracked 
|   3|0x0000000081f00000, 0x0000000081fbce00, 0x0000000082000000| 73%| O|  |TAMS 0x0000000081fbce00, 0x0000000081f00000| Untracked 
|   4|0x0000000082000000, 0x0000000082100000, 0x0000000082100000|100%|HS|  |TAMS 0x0000000082000000, 0x0000000082000000| Complete 
|   5|0x0000000082100000, 0x0000000082200000, 0x0000000082200000|100%|HC|  |TAMS 0x0000000082100000, 0x0000000082100000| Complete 
|   6|0x0000000082200000, 0x0000000082300000, 0x0000000082300000|100%|HS|  |TAMS 0x0000000082200000, 0x0000000082200000| Complete 
|   7|0x0000000082300000, 0x0000000082400000, 0x0000000082400000|100%|HC|  |TAMS 0x0000000082300000, 0x0000000082300000| Complete 
|   8|0x0000000082400000, 0x0000000082400000, 0x0000000082500000|  0%| F|  |TAMS 0x0000000082400000, 0x0000000082400000| Untracked 
|   9|0x0000000082500000, 0x0000000082500000, 0x0000000082600000|  0%| F|  |TAMS 0x0000000082500000, 0x0000000082500000| Untracked 
|  10|0x0000000082600000, 0x0000000082600000, 0x0000000082700000|  0%| F|  |TAMS 0x0000000082600000, 0x0000000082600000| Untracked 
|  11|0x0000000082700000, 0x0000000082700000, 0x0000000082800000|  0%| F|  |TAMS 0x0000000082700000, 0x0000000082700000| Untracked 
|  12|0x0000000082800000, 0x0000000082800000, 0x0000000082900000|  0%| F|  |TAMS 0x0000000082800000, 0x0000000082800000| Untracked 
|  13|0x0000000082900000, 0x0000000082900000, 0x0000000082a00000|  0%| F|  |TAMS 0x0000000082900000, 0x0000000082900000| Untracked 
|  14|0x0000000082a00000, 0x0000000082a00000, 0x0000000082b00000|  0%| F|  |TAMS 0x0000000082a00000, 0x0000000082a00000| Untracked 
|  15|0x0000000082b00000, 0x0000000082b00000, 0x0000000082c00000|  0%| F|  |TAMS 0x0000000082b00000, 0x0000000082b00000| Untracked 
|  16|0x0000000082c00000, 0x0000000082c00000, 0x0000000082d00000|  0%| F|  |TAMS 0x0000000082c00000, 0x0000000082c00000| Untracked 
|  17|0x0000000082d00000, 0x0000000082d00000, 0x0000000082e00000|  0%| F|  |TAMS 0x0000000082d00000, 0x0000000082d00000| Untracked 
|  18|0x0000000082e00000, 0x0000000082e00000, 0x0000000082f00000|  0%| F|  |TAMS 0x0000000082e00000, 0x0000000082e00000| Untracked 
|  19|0x0000000082f00000, 0x0000000082f00000, 0x0000000083000000|  0%| F|  |TAMS 0x0000000082f00000, 0x0000000082f00000| Untracked 
|  20|0x0000000083000000, 0x0000000083000000, 0x0000000083100000|  0%| F|  |TAMS 0x0000000083000000, 0x0000000083000000| Untracked 
|  21|0x0000000083100000, 0x0000000083100000, 0x0000000083200000|  0%| F|  |TAMS 0x0000000083100000, 0x0000000083100000| Untracked 
|  22|0x0000000083200000, 0x0000000083200000, 0x0000000083300000|  0%| F|  |TAMS 0x0000000083200000, 0x0000000083200000| Untracked 
|  23|0x0000000083300000, 0x0000000083300000, 0x0000000083400000|  0%| F|  |TAMS 0x0000000083300000, 0x0000000083300000| Untracked 
|  24|0x0000000083400000, 0x0000000083400000, 0x0000000083500000|  0%| F|  |TAMS 0x0000000083400000, 0x0000000083400000| Untracked 
|  25|0x0000000083500000, 0x0000000083500000, 0x0000000083600000|  0%| F|  |TAMS 0x0000000083500000, 0x0000000083500000| Untracked 
|  26|0x0000000083600000, 0x0000000083600000, 0x0000000083700000|  0%| F|  |TAMS 0x0000000083600000, 0x0000000083600000| Untracked 
|  27|0x0000000083700000, 0x0000000083700000, 0x0000000083800000|  0%| F|  |TAMS 0x0000000083700000, 0x0000000083700000| Untracked 
|  28|0x0000000083800000, 0x0000000083800000, 0x0000000083900000|  0%| F|  |TAMS 0x0000000083800000, 0x0000000083800000| Untracked 
|  29|0x0000000083900000, 0x0000000083900000, 0x0000000083a00000|  0%| F|  |TAMS 0x0000000083900000, 0x0000000083900000| Untracked 
|  30|0x0000000083a00000, 0x0000000083a00000, 0x0000000083b00000|  0%| F|  |TAMS 0x0000000083a00000, 0x0000000083a00000| Untracked 
|  31|0x0000000083b00000, 0x0000000083b00000, 0x0000000083c00000|  0%| F|  |TAMS 0x0000000083b00000, 0x0000000083b00000| Untracked 
|  32|0x0000000083c00000, 0x0000000083c00000, 0x0000000083d00000|  0%| F|  |TAMS 0x0000000083c00000, 0x0000000083c00000| Untracked 
|  33|0x0000000083d00000, 0x0000000083d00000, 0x0000000083e00000|  0%| F|  |TAMS 0x0000000083d00000, 0x0000000083d00000| Untracked 
|  34|0x0000000083e00000, 0x0000000083e00000, 0x0000000083f00000|  0%| F|  |TAMS 0x0000000083e00000, 0x0000000083e00000| Untracked 
|  35|0x0000000083f00000, 0x0000000083f00000, 0x0000000084000000|  0%| F|  |TAMS 0x0000000083f00000, 0x0000000083f00000| Untracked 
|  36|0x0000000084000000, 0x0000000084000000, 0x0000000084100000|  0%| F|  |TAMS 0x0000000084000000, 0x0000000084000000| Untracked 
|  37|0x0000000084100000, 0x0000000084100000, 0x0000000084200000|  0%| F|  |TAMS 0x0000000084100000, 0x0000000084100000| Untracked 
|  38|0x0000000084200000, 0x0000000084200000, 0x0000000084300000|  0%| F|  |TAMS 0x0000000084200000, 0x0000000084200000| Untracked 
|  39|0x0000000084300000, 0x0000000084300000, 0x0000000084400000|  0%| F|  |TAMS 0x0000000084300000, 0x0000000084300000| Untracked 
|  40|0x0000000084400000, 0x0000000084400000, 0x0000000084500000|  0%| F|  |TAMS 0x0000000084400000, 0x0000000084400000| Untracked 
|  41|0x0000000084500000, 0x0000000084500000, 0x0000000084600000|  0%| F|  |TAMS 0x0000000084500000, 0x0000000084500000| Untracked 
|  42|0x0000000084600000, 0x0000000084600000, 0x0000000084700000|  0%| F|  |TAMS 0x0000000084600000, 0x0000000084600000| Untracked 
|  43|0x0000000084700000, 0x0000000084700000, 0x0000000084800000|  0%| F|  |TAMS 0x0000000084700000, 0x0000000084700000| Untracked 
|  44|0x0000000084800000, 0x0000000084800000, 0x0000000084900000|  0%| F|  |TAMS 0x0000000084800000, 0x0000000084800000| Untracked 
|  45|0x0000000084900000, 0x0000000084900000, 0x0000000084a00000|  0%| F|  |TAMS 0x0000000084900000, 0x0000000084900000| Untracked 
|  46|0x0000000084a00000, 0x0000000084a00000, 0x0000000084b00000|  0%| F|  |TAMS 0x0000000084a00000, 0x0000000084a00000| Untracked 
|  47|0x0000000084b00000, 0x0000000084b00000, 0x0000000084c00000|  0%| F|  |TAMS 0x0000000084b00000, 0x0000000084b00000| Untracked 
|  48|0x0000000084c00000, 0x0000000084c00000, 0x0000000084d00000|  0%| F|  |TAMS 0x0000000084c00000, 0x0000000084c00000| Untracked 
|  49|0x0000000084d00000, 0x0000000084d00000, 0x0000000084e00000|  0%| F|  |TAMS 0x0000000084d00000, 0x0000000084d00000| Untracked 
|  50|0x0000000084e00000, 0x0000000084e00000, 0x0000000084f00000|  0%| F|  |TAMS 0x0000000084e00000, 0x0000000084e00000| Untracked 
|  51|0x0000000084f00000, 0x0000000084f00000, 0x0000000085000000|  0%| F|  |TAMS 0x0000000084f00000, 0x0000000084f00000| Untracked 
|  52|0x0000000085000000, 0x0000000085000000, 0x0000000085100000|  0%| F|  |TAMS 0x0000000085000000, 0x0000000085000000| Untracked 
|  53|0x0000000085100000, 0x0000000085100000, 0x0000000085200000|  0%| F|  |TAMS 0x0000000085100000, 0x0000000085100000| Untracked 
|  54|0x0000000085200000, 0x0000000085200000, 0x0000000085300000|  0%| F|  |TAMS 0x0000000085200000, 0x0000000085200000| Untracked 
|  55|0x0000000085300000, 0x0000000085300000, 0x0000000085400000|  0%| F|  |TAMS 0x0000000085300000, 0x0000000085300000| Untracked 
|  56|0x0000000085400000, 0x0000000085400000, 0x0000000085500000|  0%| F|  |TAMS 0x0000000085400000, 0x0000000085400000| Untracked 
|  57|0x0000000085500000, 0x0000000085500000, 0x0000000085600000|  0%| F|  |TAMS 0x0000000085500000, 0x0000000085500000| Untracked 
|  58|0x0000000085600000, 0x0000000085600000, 0x0000000085700000|  0%| F|  |TAMS 0x0000000085600000, 0x0000000085600000| Untracked 
|  59|0x0000000085700000, 0x0000000085700000, 0x0000000085800000|  0%| F|  |TAMS 0x0000000085700000, 0x0000000085700000| Untracked 
|  60|0x0000000085800000, 0x0000000085800000, 0x0000000085900000|  0%| F|  |TAMS 0x0000000085800000, 0x0000000085800000| Untracked 
|  61|0x0000000085900000, 0x0000000085900000, 0x0000000085a00000|  0%| F|  |TAMS 0x0000000085900000, 0x0000000085900000| Untracked 
|  62|0x0000000085a00000, 0x0000000085a00000, 0x0000000085b00000|  0%| F|  |TAMS 0x0000000085a00000, 0x0000000085a00000| Untracked 
|  63|0x0000000085b00000, 0x0000000085b00000, 0x0000000085c00000|  0%| F|  |TAMS 0x0000000085b00000, 0x0000000085b00000| Untracked 
|  64|0x0000000085c00000, 0x0000000085c00000, 0x0000000085d00000|  0%| F|  |TAMS 0x0000000085c00000, 0x0000000085c00000| Untracked 
|  65|0x0000000085d00000, 0x0000000085d00000, 0x0000000085e00000|  0%| F|  |TAMS 0x0000000085d00000, 0x0000000085d00000| Untracked 
|  66|0x0000000085e00000, 0x0000000085e00000, 0x0000000085f00000|  0%| F|  |TAMS 0x0000000085e00000, 0x0000000085e00000| Untracked 
|  67|0x0000000085f00000, 0x0000000085f00000, 0x0000000086000000|  0%| F|  |TAMS 0x0000000085f00000, 0x0000000085f00000| Untracked 
|  68|0x0000000086000000, 0x00000000860d17e0, 0x0000000086100000| 81%| S|CS|TAMS 0x0000000086000000, 0x0000000086000000| Complete 
|  69|0x0000000086100000, 0x0000000086200000, 0x0000000086200000|100%| S|CS|TAMS 0x0000000086100000, 0x0000000086100000| Complete 
|  70|0x0000000086200000, 0x0000000086300000, 0x0000000086300000|100%| S|CS|TAMS 0x0000000086200000, 0x0000000086200000| Complete 
|  71|0x0000000086300000, 0x0000000086400000, 0x0000000086400000|100%| S|CS|TAMS 0x0000000086300000, 0x0000000086300000| Complete 
|  72|0x0000000086400000, 0x0000000086500000, 0x0000000086500000|100%| S|CS|TAMS 0x0000000086400000, 0x0000000086400000| Complete 
|  73|0x0000000086500000, 0x0000000086500000, 0x0000000086600000|  0%| F|  |TAMS 0x0000000086500000, 0x0000000086500000| Untracked 
|  74|0x0000000086600000, 0x0000000086600000, 0x0000000086700000|  0%| F|  |TAMS 0x0000000086600000, 0x0000000086600000| Untracked 
|  75|0x0000000086700000, 0x0000000086700000, 0x0000000086800000|  0%| F|  |TAMS 0x0000000086700000, 0x0000000086700000| Untracked 
|  76|0x0000000086800000, 0x0000000086800000, 0x0000000086900000|  0%| F|  |TAMS 0x0000000086800000, 0x0000000086800000| Untracked 
|  77|0x0000000086900000, 0x0000000086900000, 0x0000000086a00000|  0%| F|  |TAMS 0x0000000086900000, 0x0000000086900000| Untracked 
|  78|0x0000000086a00000, 0x0000000086a00000, 0x0000000086b00000|  0%| F|  |TAMS 0x0000000086a00000, 0x0000000086a00000| Untracked 
|  79|0x0000000086b00000, 0x0000000086b00000, 0x0000000086c00000|  0%| F|  |TAMS 0x0000000086b00000, 0x0000000086b00000| Untracked 
|  80|0x0000000086c00000, 0x0000000086c00000, 0x0000000086d00000|  0%| F|  |TAMS 0x0000000086c00000, 0x0000000086c00000| Untracked 
|  81|0x0000000086d00000, 0x0000000086d00000, 0x0000000086e00000|  0%| F|  |TAMS 0x0000000086d00000, 0x0000000086d00000| Untracked 
|  82|0x0000000086e00000, 0x0000000086e00000, 0x0000000086f00000|  0%| F|  |TAMS 0x0000000086e00000, 0x0000000086e00000| Untracked 
|  83|0x0000000086f00000, 0x0000000086f00000, 0x0000000087000000|  0%| F|  |TAMS 0x0000000086f00000, 0x0000000086f00000| Untracked 
|  84|0x0000000087000000, 0x0000000087000000, 0x0000000087100000|  0%| F|  |TAMS 0x0000000087000000, 0x0000000087000000| Untracked 
|  85|0x0000000087100000, 0x0000000087100000, 0x0000000087200000|  0%| F|  |TAMS 0x0000000087100000, 0x0000000087100000| Untracked 
|  86|0x0000000087200000, 0x0000000087200000, 0x0000000087300000|  0%| F|  |TAMS 0x0000000087200000, 0x0000000087200000| Untracked 
|  87|0x0000000087300000, 0x0000000087300000, 0x0000000087400000|  0%| F|  |TAMS 0x0000000087300000, 0x0000000087300000| Untracked 
|  88|0x0000000087400000, 0x0000000087400000, 0x0000000087500000|  0%| F|  |TAMS 0x0000000087400000, 0x0000000087400000| Untracked 
|  89|0x0000000087500000, 0x0000000087500000, 0x0000000087600000|  0%| F|  |TAMS 0x0000000087500000, 0x0000000087500000| Untracked 
|  90|0x0000000087600000, 0x0000000087600000, 0x0000000087700000|  0%| F|  |TAMS 0x0000000087600000, 0x0000000087600000| Untracked 
|  91|0x0000000087700000, 0x0000000087700000, 0x0000000087800000|  0%| F|  |TAMS 0x0000000087700000, 0x0000000087700000| Untracked 
|  92|0x0000000087800000, 0x0000000087800000, 0x0000000087900000|  0%| F|  |TAMS 0x0000000087800000, 0x0000000087800000| Untracked 
|  93|0x0000000087900000, 0x0000000087900000, 0x0000000087a00000|  0%| F|  |TAMS 0x0000000087900000, 0x0000000087900000| Untracked 
|  94|0x0000000087a00000, 0x0000000087a00000, 0x0000000087b00000|  0%| F|  |TAMS 0x0000000087a00000, 0x0000000087a00000| Untracked 
|  95|0x0000000087b00000, 0x0000000087b00000, 0x0000000087c00000|  0%| F|  |TAMS 0x0000000087b00000, 0x0000000087b00000| Untracked 
|  96|0x0000000087c00000, 0x0000000087c00000, 0x0000000087d00000|  0%| F|  |TAMS 0x0000000087c00000, 0x0000000087c00000| Untracked 
|  97|0x0000000087d00000, 0x0000000087d00000, 0x0000000087e00000|  0%| F|  |TAMS 0x0000000087d00000, 0x0000000087d00000| Untracked 
|  98|0x0000000087e00000, 0x0000000087e80800, 0x0000000087f00000| 50%| E|  |TAMS 0x0000000087e00000, 0x0000000087e00000| Complete 
|  99|0x0000000087f00000, 0x0000000088000000, 0x0000000088000000|100%| E|CS|TAMS 0x0000000087f00000, 0x0000000087f00000| Complete 
| 100|0x0000000088000000, 0x0000000088100000, 0x0000000088100000|100%| E|CS|TAMS 0x0000000088000000, 0x0000000088000000| Complete 
| 101|0x0000000088100000, 0x0000000088200000, 0x0000000088200000|100%| E|CS|TAMS 0x0000000088100000, 0x0000000088100000| Complete 
| 102|0x0000000088200000, 0x0000000088300000, 0x0000000088300000|100%| E|CS|TAMS 0x0000000088200000, 0x0000000088200000| Complete 
| 103|0x0000000088300000, 0x0000000088400000, 0x0000000088400000|100%| E|CS|TAMS 0x0000000088300000, 0x0000000088300000| Complete 
| 104|0x0000000088400000, 0x0000000088500000, 0x0000000088500000|100%| E|CS|TAMS 0x0000000088400000, 0x0000000088400000| Complete 
| 105|0x0000000088500000, 0x0000000088600000, 0x0000000088600000|100%| E|CS|TAMS 0x0000000088500000, 0x0000000088500000| Complete 
| 106|0x0000000088600000, 0x0000000088700000, 0x0000000088700000|100%| E|CS|TAMS 0x0000000088600000, 0x0000000088600000| Complete 
| 107|0x0000000088700000, 0x0000000088800000, 0x0000000088800000|100%| E|CS|TAMS 0x0000000088700000, 0x0000000088700000| Complete 
| 108|0x0000000088800000, 0x0000000088900000, 0x0000000088900000|100%| E|CS|TAMS 0x0000000088800000, 0x0000000088800000| Complete 
| 109|0x0000000088900000, 0x0000000088a00000, 0x0000000088a00000|100%| E|CS|TAMS 0x0000000088900000, 0x0000000088900000| Complete 
| 110|0x0000000088a00000, 0x0000000088b00000, 0x0000000088b00000|100%| E|CS|TAMS 0x0000000088a00000, 0x0000000088a00000| Complete 
| 111|0x0000000088b00000, 0x0000000088c00000, 0x0000000088c00000|100%| E|CS|TAMS 0x0000000088b00000, 0x0000000088b00000| Complete 
| 112|0x0000000088c00000, 0x0000000088d00000, 0x0000000088d00000|100%| E|CS|TAMS 0x0000000088c00000, 0x0000000088c00000| Complete 
| 113|0x0000000088d00000, 0x0000000088e00000, 0x0000000088e00000|100%| E|CS|TAMS 0x0000000088d00000, 0x0000000088d00000| Complete 
| 114|0x0000000088e00000, 0x0000000088f00000, 0x0000000088f00000|100%| E|CS|TAMS 0x0000000088e00000, 0x0000000088e00000| Complete 
| 115|0x0000000088f00000, 0x0000000089000000, 0x0000000089000000|100%| E|CS|TAMS 0x0000000088f00000, 0x0000000088f00000| Complete 
| 116|0x0000000089000000, 0x0000000089100000, 0x0000000089100000|100%| E|CS|TAMS 0x0000000089000000, 0x0000000089000000| Complete 
| 117|0x0000000089100000, 0x0000000089200000, 0x0000000089200000|100%| E|CS|TAMS 0x0000000089100000, 0x0000000089100000| Complete 
| 118|0x0000000089200000, 0x0000000089300000, 0x0000000089300000|100%| E|CS|TAMS 0x0000000089200000, 0x0000000089200000| Complete 
| 119|0x0000000089300000, 0x0000000089400000, 0x0000000089400000|100%| E|CS|TAMS 0x0000000089300000, 0x0000000089300000| Complete 
| 120|0x0000000089400000, 0x0000000089500000, 0x0000000089500000|100%| E|CS|TAMS 0x0000000089400000, 0x0000000089400000| Complete 
| 121|0x0000000089500000, 0x0000000089600000, 0x0000000089600000|100%| E|CS|TAMS 0x0000000089500000, 0x0000000089500000| Complete 
| 122|0x0000000089600000, 0x0000000089700000, 0x0000000089700000|100%| E|CS|TAMS 0x0000000089600000, 0x0000000089600000| Complete 
| 123|0x0000000089700000, 0x0000000089800000, 0x0000000089800000|100%| E|CS|TAMS 0x0000000089700000, 0x0000000089700000| Complete 
| 124|0x0000000089800000, 0x0000000089900000, 0x0000000089900000|100%| E|CS|TAMS 0x0000000089800000, 0x0000000089800000| Complete 
| 125|0x0000000089900000, 0x0000000089a00000, 0x0000000089a00000|100%| E|CS|TAMS 0x0000000089900000, 0x0000000089900000| Complete 
| 126|0x0000000089a00000, 0x0000000089b00000, 0x0000000089b00000|100%| E|CS|TAMS 0x0000000089a00000, 0x0000000089a00000| Complete 
| 127|0x0000000089b00000, 0x0000000089c00000, 0x0000000089c00000|100%| E|CS|TAMS 0x0000000089b00000, 0x0000000089b00000| Complete 

Card table byte_map: [0x000001a3eda30000,0x000001a3ede30000] _byte_map_base: 0x000001a3ed622000

Marking Bits (Prev, Next): (CMBitMap*) 0x000001a3d6d1b458, (CMBitMap*) 0x000001a3d6d1b490
 Prev Bits: [0x000001a3ee230000, 0x000001a3f01c0000)
 Next Bits: [0x000001a3f01c0000, 0x000001a3f2150000)

Polling page: 0x000001a3d4a00000

Metaspace:

Usage:
  Non-class:     38.05 MB capacity,    37.66 MB ( 99%) used,   314.68 KB ( <1%) free+waste,    88.31 KB ( <1%) overhead. 
      Class:      5.53 MB capacity,     5.23 MB ( 95%) used,   264.54 KB (  5%) free+waste,    42.88 KB ( <1%) overhead. 
       Both:     43.58 MB capacity,    42.89 MB ( 98%) used,   579.22 KB (  1%) free+waste,   131.19 KB ( <1%) overhead. 

Virtual space:
  Non-class space:       40.00 MB reserved,      38.25 MB ( 96%) committed 
      Class space:        1.00 GB reserved,       5.63 MB ( <1%) committed 
             Both:        1.04 GB reserved,      43.88 MB (  4%) committed 

Chunk freelists:
   Non-Class:  1.50 KB
       Class:  128 bytes
        Both:  1.63 KB

CodeHeap 'non-profiled nmethods': size=120000Kb used=1075Kb max_used=1075Kb free=118924Kb
 bounds [0x000001a3e5dd0000, 0x000001a3e6040000, 0x000001a3ed300000]
CodeHeap 'profiled nmethods': size=120000Kb used=4949Kb max_used=4949Kb free=115050Kb
 bounds [0x000001a3de8a0000, 0x000001a3ded80000, 0x000001a3e5dd0000]
CodeHeap 'non-nmethods': size=5760Kb used=1344Kb max_used=1355Kb free=4415Kb
 bounds [0x000001a3de300000, 0x000001a3de570000, 0x000001a3de8a0000]
 total_blobs=3402 nmethods=2614 adapters=698
 compilation: enabled
              stopped_count=0, restarted_count=0
 full_count=0

Compilation events (10 events):
Event: 12.910 Thread 0x000001a3f556a000 nmethod 2613 0x000001a3ded73c90 code [0x000001a3ded73e20, 0x000001a3ded73f18]
Event: 17.003 Thread 0x000001a3f556a000 2614   !   3       sun.awt.AWTAutoShutdown::setToolkitBusy (124 bytes)
Event: 17.004 Thread 0x000001a3f556a000 nmethod 2614 0x000001a3ded73f90 code [0x000001a3ded741a0, 0x000001a3ded748e8]
Event: 144.006 Thread 0x000001a3f556a000 2615       3       sun.awt.AWTAutoShutdown::notifyToolkitThreadBusy (8 bytes)
Event: 144.006 Thread 0x000001a3f556a000 nmethod 2615 0x000001a3ded74c10 code [0x000001a3ded74dc0, 0x000001a3ded74f28]
Event: 145.007 Thread 0x000001a3f556a000 2616       3       sun.awt.AWTAutoShutdown::notifyToolkitThreadFree (8 bytes)
Event: 145.007 Thread 0x000001a3f556a000 nmethod 2616 0x000001a3ded75010 code [0x000001a3ded751c0, 0x000001a3ded75328]
Event: 205.014 Thread 0x000001a3f556a000 2617       3       java.lang.invoke.MethodHandles$Lookup::lookupModes (8 bytes)
Event: 205.015 Thread 0x000001a3f556a000 nmethod 2617 0x000001a3ded75410 code [0x000001a3ded755a0, 0x000001a3ded75698]
Event: 205.023 Thread 0x000001a3f556a000 2618       3       java.awt.geom.AffineTransform::equals (92 bytes)

GC Heap History (6 events):
Event: 0.679 GC heap before
{Heap before GC invocations=0 (full 0):
 garbage-first heap   total 131072K, used 24576K [0x0000000081c00000, 0x0000000100000000)
  region size 1024K, 24 young (24576K), 0 survivors (0K)
 Metaspace       used 11787K, capacity 12060K, committed 12160K, reserved 1060864K
  class space    used 1243K, capacity 1389K, committed 1408K, reserved 1048576K
}
Event: 0.683 GC heap after
{Heap after GC invocations=1 (full 0):
 garbage-first heap   total 131072K, used 3909K [0x0000000081c00000, 0x0000000100000000)
  region size 1024K, 3 young (3072K), 3 survivors (3072K)
 Metaspace       used 11787K, capacity 12060K, committed 12160K, reserved 1060864K
  class space    used 1243K, capacity 1389K, committed 1408K, reserved 1048576K
}
Event: 1.211 GC heap before
{Heap before GC invocations=1 (full 0):
 garbage-first heap   total 131072K, used 42821K [0x0000000081c00000, 0x0000000100000000)
  region size 1024K, 43 young (44032K), 3 survivors (3072K)
 Metaspace       used 20660K, capacity 21150K, committed 21248K, reserved 1069056K
  class space    used 2294K, capacity 2498K, committed 2560K, reserved 1048576K
}
Event: 1.218 GC heap after
{Heap after GC invocations=2 (full 0):
 garbage-first heap   total 131072K, used 5710K [0x0000000081c00000, 0x0000000100000000)
  region size 1024K, 5 young (5120K), 5 survivors (5120K)
 Metaspace       used 20660K, capacity 21150K, committed 21248K, reserved 1069056K
  class space    used 2294K, capacity 2498K, committed 2560K, reserved 1048576K
}
Event: 2.704 GC heap before
{Heap before GC invocations=3 (full 0):
 garbage-first heap   total 131072K, used 55886K [0x0000000081c00000, 0x0000000100000000)
  region size 1024K, 55 young (56320K), 5 survivors (5120K)
 Metaspace       used 35030K, capacity 35654K, committed 35840K, reserved 1081344K
  class space    used 4324K, capacity 4585K, committed 4608K, reserved 1048576K
}
Event: 2.713 GC heap after
{Heap after GC invocations=4 (full 0):
 garbage-first heap   total 131072K, used 8761K [0x0000000081c00000, 0x0000000100000000)
  region size 1024K, 5 young (5120K), 5 survivors (5120K)
 Metaspace       used 35030K, capacity 35654K, committed 35840K, reserved 1081344K
  class space    used 4324K, capacity 4585K, committed 4608K, reserved 1048576K
}

Deoptimization events (10 events):
Event: 3.455 Thread 0x000001a3f7786800 Uncommon trap: reason=unstable_if action=reinterpret pc=0x000001a3e5ddf34c method=java.lang.StringLatin1.canEncode(I)Z @ 4 c2
Event: 3.470 Thread 0x000001a3f7786800 Uncommon trap: reason=class_check action=maybe_recompile pc=0x000001a3e5e81f00 method=java.util.zip.InflaterInputStream.read([BII)I @ 100 c2
Event: 3.480 Thread 0x000001a3f7786800 Uncommon trap: reason=class_check action=maybe_recompile pc=0x000001a3e5e81f00 method=java.util.zip.InflaterInputStream.read([BII)I @ 100 c2
Event: 3.488 Thread 0x000001a3d6ce0000 Uncommon trap: reason=class_check action=maybe_recompile pc=0x000001a3e5e81f00 method=java.util.zip.InflaterInputStream.read([BII)I @ 100 c2
Event: 3.492 Thread 0x000001a3d6ce0000 Uncommon trap: reason=class_check action=maybe_recompile pc=0x000001a3e5e81f00 method=java.util.zip.InflaterInputStream.read([BII)I @ 100 c2
Event: 3.499 Thread 0x000001a3f7786800 Uncommon trap: reason=unstable_if action=reinterpret pc=0x000001a3e5eaf13c method=java.lang.ThreadLocal.get()Ljava/lang/Object; @ 11 c2
Event: 3.533 Thread 0x000001a3f5b66800 Uncommon trap: reason=bimorphic_or_optimized_type_check action=maybe_recompile pc=0x000001a3e5e3ba78 method=java.util.HashMap.putVal(ILjava/lang/Object;Ljava/lang/Object;ZZ)Ljava/lang/Object; @ 203 c2
Event: 3.533 Thread 0x000001a3f5b66800 Uncommon trap: reason=bimorphic_or_optimized_type_check action=maybe_recompile pc=0x000001a3e5e3ba78 method=java.util.HashMap.putVal(ILjava/lang/Object;Ljava/lang/Object;ZZ)Ljava/lang/Object; @ 203 c2
Event: 3.654 Thread 0x000001a3f9ea5000 Uncommon trap: reason=unstable_if action=reinterpret pc=0x000001a3e5ec7338 method=java.lang.ThreadLocal.get()Ljava/lang/Object; @ 11 c2
Event: 3.656 Thread 0x000001a3f9ea5000 Uncommon trap: reason=class_check action=maybe_recompile pc=0x000001a3e5e7d754 method=java.util.concurrent.ConcurrentHashMap.putVal(Ljava/lang/Object;Ljava/lang/Object;Z)Ljava/lang/Object; @ 242 c2

Classes redefined (0 events):
No events

Internal exceptions (10 events):
Event: 2.843 Thread 0x000001a3d6ce0000 Exception <a 'java/lang/NoSuchMethodError'{0x00000000895d04f8}: java.lang.invoke.DirectMethodHandle$Holder.invokeStatic(Ljava/lang/Object;Ljava/lang/Object;Ljava/lang/Object;Ljava/lang/Object;)V> (0x00000000895d04f8) thrown at [./open/src/hotspot/share/in
Event: 2.960 Thread 0x000001a3d6ce0000 Exception <a 'java/lang/NoSuchMethodError'{0x000000008913c080}: java.lang.invoke.DirectMethodHandle$Holder.invokeInterface(Ljava/lang/Object;Ljava/lang/Object;Ljava/lang/Object;)Ljava/lang/Object;> (0x000000008913c080) thrown at [./open/src/hotspot/share/
Event: 3.126 Thread 0x000001a3d6ce0000 Exception <a 'java/lang/NoSuchMethodError'{0x0000000088d75868}: java.lang.invoke.DirectMethodHandle$Holder.invokeStatic(Ljava/lang/Object;Ljava/lang/Object;Ljava/lang/Object;Ljava/lang/Object;Ljava/lang/Object;Ljava/lang/Object;Ljava/lang/Object;Ljava/lan
Event: 3.128 Thread 0x000001a3d6ce0000 Exception <a 'java/lang/NoSuchMethodError'{0x0000000088d96d38}: java.lang.invoke.DirectMethodHandle$Holder.invokeStatic(Ljava/lang/Object;Ljava/lang/Object;Ljava/lang/Object;Ljava/lang/Object;Ljava/lang/Object;Ljava/lang/Object;Ljava/lang/Object;Ljava/lan
Event: 3.129 Thread 0x000001a3d6ce0000 Exception <a 'java/lang/NoSuchMethodError'{0x0000000088db5ac0}: java.lang.invoke.DirectMethodHandle$Holder.invokeStatic(Ljava/lang/Object;Ljava/lang/Object;Ljava/lang/Object;Ljava/lang/Object;Ljava/lang/Object;Ljava/lang/Object;Ljava/lang/Object;Ljava/lan
Event: 3.131 Thread 0x000001a3d6ce0000 Exception <a 'java/lang/NoSuchMethodError'{0x0000000088dd5ed0}: java.lang.invoke.DirectMethodHandle$Holder.invokeStatic(Ljava/lang/Object;Ljava/lang/Object;Ljava/lang/Object;Ljava/lang/Object;Ljava/lang/Object;Ljava/lang/Object;Ljava/lang/Object;Ljava/lan
Event: 3.499 Thread 0x000001a3f7786800 Implicit null exception at 0x000001a3e5eaeeed to 0x000001a3e5eaf130
Event: 3.552 Thread 0x000001a3d6ce0000 Exception <a 'java/lang/NoSuchMethodError'{0x00000000883fa540}: java.lang.invoke.DirectMethodHandle$Holder.invokeStaticInit(Ljava/lang/Object;)V> (0x00000000883fa540) thrown at [./open/src/hotspot/share/interpreter/linkResolver.cpp, line 772]
Event: 3.557 Thread 0x000001a3d6ce0000 Exception <a 'java/lang/NoSuchMethodError'{0x0000000087f49170}: java.lang.invoke.Invokers$Holder.linkToTargetMethod(Ljava/lang/Object;ILjava/lang/Object;)Ljava/lang/Object;> (0x0000000087f49170) thrown at [./open/src/hotspot/share/interpreter/linkResolver
Event: 3.654 Thread 0x000001a3f9ea5000 Implicit null exception at 0x000001a3e5ec340e to 0x000001a3e5ec72d8

Events (10 events):
Event: 205.023 Executing VM operation: RevokeBias done
Event: 205.023 Executing VM operation: RevokeBias
Event: 205.023 Executing VM operation: RevokeBias done
Event: 205.023 Executing VM operation: RevokeBias
Event: 205.023 Executing VM operation: RevokeBias done
Event: 205.024 Executing VM operation: RevokeBias
Event: 205.024 Executing VM operation: RevokeBias done
Event: 205.024 Executing VM operation: RevokeBias
Event: 205.024 Executing VM operation: RevokeBias done
Event: 205.024 Executing VM operation: BulkRevokeBias


Dynamic libraries:
0x00007ff7b3420000 - 0x00007ff7b342f000 	C:\Program Files\Java\jdk-11.0.13\bin\javaw.exe
0x00007ff874b00000 - 0x00007ff874cf0000 	C:\WINDOWS\SYSTEM32\ntdll.dll
0x00007ff873350000 - 0x00007ff873402000 	C:\WINDOWS\System32\KERNEL32.DLL
0x00007ff871bd0000 - 0x00007ff871e75000 	C:\WINDOWS\System32\KERNELBASE.dll
0x00007ff871a40000 - 0x00007ff871b3a000 	C:\WINDOWS\System32\ucrtbase.dll
0x00007ff855300000 - 0x00007ff855318000 	C:\Program Files\Java\jdk-11.0.13\bin\jli.dll
0x00007ff8552e0000 - 0x00007ff8552f5000 	C:\Program Files\Java\jdk-11.0.13\bin\VCRUNTIME140.dll
0x00007ff874910000 - 0x00007ff8749b3000 	C:\WINDOWS\System32\ADVAPI32.dll
0x00007ff873dd0000 - 0x00007ff873e6e000 	C:\WINDOWS\System32\msvcrt.dll
0x00007ff8739e0000 - 0x00007ff873a77000 	C:\WINDOWS\System32\sechost.dll
0x00007ff873cb0000 - 0x00007ff873dd0000 	C:\WINDOWS\System32\RPCRT4.dll
0x00007ff874760000 - 0x00007ff8748f4000 	C:\WINDOWS\System32\USER32.dll
0x00007ff871b40000 - 0x00007ff871b61000 	C:\WINDOWS\System32\win32u.dll
0x00007ff85d380000 - 0x00007ff85d604000 	C:\WINDOWS\WinSxS\amd64_microsoft.windows.common-controls_6595b64144ccf1df_6.0.18362.1256_none_9e7e379be45e40e2\COMCTL32.dll
0x00007ff8745d0000 - 0x00007ff8745f6000 	C:\WINDOWS\System32\GDI32.dll
0x00007ff872d10000 - 0x00007ff873046000 	C:\WINDOWS\System32\combase.dll
0x00007ff8726b0000 - 0x00007ff872846000 	C:\WINDOWS\System32\gdi32full.dll
0x00007ff872850000 - 0x00007ff8728d1000 	C:\WINDOWS\System32\bcryptPrimitives.dll
0x00007ff872990000 - 0x00007ff872a2e000 	C:\WINDOWS\System32\msvcp_win.dll
0x00007ff8694d0000 - 0x00007ff8694da000 	C:\WINDOWS\SYSTEM32\VERSION.dll
0x00007ff873a90000 - 0x00007ff873abe000 	C:\WINDOWS\System32\IMM32.DLL
0x00007ff84d6d0000 - 0x00007ff84d76b000 	C:\Program Files\Java\jdk-11.0.13\bin\msvcp140.dll
0x00007ff840fa0000 - 0x00007ff841ab3000 	C:\Program Files\Java\jdk-11.0.13\bin\server\jvm.dll
0x00007ff874900000 - 0x00007ff874908000 	C:\WINDOWS\System32\PSAPI.DLL
0x00007ff86e380000 - 0x00007ff86e3a4000 	C:\WINDOWS\SYSTEM32\WINMM.dll
0x00007ff86bdc0000 - 0x00007ff86bdc9000 	C:\WINDOWS\SYSTEM32\WSOCK32.dll
0x00007ff873e70000 - 0x00007ff873edf000 	C:\WINDOWS\System32\WS2_32.dll
0x00007ff86d7e0000 - 0x00007ff86d80d000 	C:\WINDOWS\SYSTEM32\WINMMBASE.dll
0x00007ff872660000 - 0x00007ff8726aa000 	C:\WINDOWS\System32\cfgmgr32.dll
0x00007ff871980000 - 0x00007ff871991000 	C:\WINDOWS\System32\kernel.appcore.dll
0x00007ff86b860000 - 0x00007ff86b870000 	C:\Program Files\Java\jdk-11.0.13\bin\verify.dll
0x00007ff8702b0000 - 0x00007ff8704a4000 	C:\WINDOWS\SYSTEM32\DBGHELP.DLL
0x00007ff85c630000 - 0x00007ff85c65a000 	C:\WINDOWS\SYSTEM32\dbgcore.DLL
0x00007ff8556c0000 - 0x00007ff8556e8000 	C:\Program Files\Java\jdk-11.0.13\bin\java.dll
0x00007ff865880000 - 0x00007ff86588a000 	C:\Program Files\Java\jdk-11.0.13\bin\jimage.dll
0x00007ff861b00000 - 0x00007ff861b16000 	C:\Program Files\Java\jdk-11.0.13\bin\zip.dll
0x00007ff873ee0000 - 0x00007ff8745c7000 	C:\WINDOWS\System32\SHELL32.dll
0x00007ff872be0000 - 0x00007ff872c89000 	C:\WINDOWS\System32\shcore.dll
0x00007ff871ed0000 - 0x00007ff872651000 	C:\WINDOWS\System32\windows.storage.dll
0x00007ff8719c0000 - 0x00007ff8719e3000 	C:\WINDOWS\System32\profapi.dll
0x00007ff8719f0000 - 0x00007ff871a3a000 	C:\WINDOWS\System32\powrprof.dll
0x00007ff871970000 - 0x00007ff871980000 	C:\WINDOWS\System32\UMPDC.dll
0x00007ff873ad0000 - 0x00007ff873b22000 	C:\WINDOWS\System32\shlwapi.dll
0x00007ff871e80000 - 0x00007ff871e97000 	C:\WINDOWS\System32\cryptsp.dll
0x00007ff85f7c0000 - 0x00007ff85f7d9000 	C:\Program Files\Java\jdk-11.0.13\bin\net.dll
0x00007ff86a250000 - 0x00007ff86a340000 	C:\WINDOWS\SYSTEM32\WINHTTP.dll
0x00007ff871160000 - 0x00007ff8711c7000 	C:\WINDOWS\system32\mswsock.dll
0x00007ff855780000 - 0x00007ff855792000 	C:\Program Files\Java\jdk-11.0.13\bin\nio.dll
0x00007ff8462f0000 - 0x00007ff84648a000 	C:\Program Files\Java\jdk-11.0.13\bin\awt.dll
0x00007ff8749c0000 - 0x00007ff874a85000 	C:\WINDOWS\System32\OLEAUT32.dll
0x00007ff86f240000 - 0x00007ff86f2cf000 	C:\WINDOWS\SYSTEM32\apphelp.dll
0x00007ff86fe40000 - 0x00007ff86fe6d000 	C:\WINDOWS\system32\DWMAPI.DLL
0x00007ff86fbc0000 - 0x00007ff86fc59000 	C:\WINDOWS\system32\uxtheme.dll
0x00007ff850830000 - 0x00007ff850986000 	C:\WINDOWS\system32\opengl32.dll
0x00007ff857ec0000 - 0x00007ff857eec000 	C:\WINDOWS\SYSTEM32\GLU32.dll
0x00007ff870520000 - 0x00007ff870540000 	C:\WINDOWS\SYSTEM32\dxcore.dll
0x00007ff873880000 - 0x00007ff8739b5000 	C:\WINDOWS\System32\MSCTF.dll
0x00007ff874600000 - 0x00007ff874757000 	C:\WINDOWS\System32\ole32.dll
0x00007ff870cd0000 - 0x00007ff870d03000 	C:\WINDOWS\system32\rsaenh.dll
0x00007ff871ea0000 - 0x00007ff871ec6000 	C:\WINDOWS\System32\bcrypt.dll
0x00007ff871850000 - 0x00007ff871875000 	C:\WINDOWS\SYSTEM32\USERENV.dll
0x00007ff871330000 - 0x00007ff87133c000 	C:\WINDOWS\SYSTEM32\CRYPTBASE.dll
0x00007ff870e70000 - 0x00007ff870eaa000 	C:\WINDOWS\SYSTEM32\IPHLPAPI.DLL
0x00007ff873a80000 - 0x00007ff873a88000 	C:\WINDOWS\System32\NSI.dll
0x00007ff86b250000 - 0x00007ff86b266000 	C:\WINDOWS\SYSTEM32\dhcpcsvc6.DLL
0x00007ff86b230000 - 0x00007ff86b24c000 	C:\WINDOWS\SYSTEM32\dhcpcsvc.DLL
0x00007ff870eb0000 - 0x00007ff870f7b000 	C:\WINDOWS\SYSTEM32\DNSAPI.dll
0x00007ff84d980000 - 0x00007ff84da06000 	C:\Program Files\Java\jdk-11.0.13\bin\freetype.dll
0x00007ff8485e0000 - 0x00007ff848685000 	C:\Program Files\Java\jdk-11.0.13\bin\fontmanager.dll
0x00007ff873b90000 - 0x00007ff873c32000 	C:\WINDOWS\System32\clbcatq.dll
0x00007ff869320000 - 0x00007ff8694cf000 	C:\WINDOWS\SYSTEM32\WindowsCodecs.dll
0x00007ff85e360000 - 0x00007ff85e39a000 	C:\WINDOWS\system32\dataexchange.dll
0x00007ff86ded0000 - 0x00007ff86e0ad000 	C:\WINDOWS\system32\dcomp.dll
0x00007ff86d580000 - 0x00007ff86d7db000 	C:\WINDOWS\system32\d3d11.dll
0x00007ff870560000 - 0x00007ff87064b000 	C:\WINDOWS\system32\dxgi.dll
0x00007ff86f710000 - 0x00007ff86f972000 	C:\WINDOWS\system32\twinapi.appcore.dll
0x00007ff86fe10000 - 0x00007ff86fe39000 	C:\WINDOWS\system32\RMCLIENT.dll
0x00007ff854b60000 - 0x00007ff854bfe000 	C:\WINDOWS\System32\TextInputFramework.dll
0x00007ff86a390000 - 0x00007ff86a6ba000 	C:\WINDOWS\System32\CoreUIComponents.dll
0x00007ff86e4f0000 - 0x00007ff86e5c4000 	C:\WINDOWS\System32\CoreMessaging.dll
0x00007ff870980000 - 0x00007ff8709b1000 	C:\WINDOWS\SYSTEM32\ntmarta.dll
0x00007ff86d390000 - 0x00007ff86d4e3000 	C:\WINDOWS\SYSTEM32\wintypes.dll
0x00007ff85ffd0000 - 0x00007ff860277000 	C:\WINDOWS\System32\iertutil.dll

dbghelp: loaded successfully - version: 4.0.5 - missing functions: none
symbol engine: initialized successfully - sym options: 0x614 - pdb path: .;C:\Program Files\Java\jdk-11.0.13\bin;C:\WINDOWS\SYSTEM32;C:\WINDOWS\WinSxS\amd64_microsoft.windows.common-controls_6595b64144ccf1df_6.0.18362.1256_none_9e7e379be45e40e2;C:\Program Files\Java\jdk-11.0.13\bin\server

VM Arguments:
jvm_args: -Dfile.encoding=Cp1252 
java_command: br.com.fiap.posto.Application
java_class_path (initial): C:\DEV\JAVA\postos\target\classes;C:\Users\enric\.m2\repository\org\hibernate\hibernate-entitymanager\5.6.8.Final\hibernate-entitymanager-5.6.8.Final.jar;C:\Users\enric\.m2\repository\org\jboss\logging\jboss-logging\3.4.3.Final\jboss-logging-3.4.3.Final.jar;C:\Users\enric\.m2\repository\org\hibernate\hibernate-core\5.6.8.Final\hibernate-core-5.6.8.Final.jar;C:\Users\enric\.m2\repository\antlr\antlr\2.7.7\antlr-2.7.7.jar;C:\Users\enric\.m2\repository\org\jboss\jandex\2.4.2.Final\jandex-2.4.2.Final.jar;C:\Users\enric\.m2\repository\com\fasterxml\classmate\1.5.1\classmate-1.5.1.jar;C:\Users\enric\.m2\repository\javax\activation\javax.activation-api\1.2.0\javax.activation-api-1.2.0.jar;C:\Users\enric\.m2\repository\javax\xml\bind\jaxb-api\2.3.1\jaxb-api-2.3.1.jar;C:\Users\enric\.m2\repository\org\glassfish\jaxb\jaxb-runtime\2.3.1\jaxb-runtime-2.3.1.jar;C:\Users\enric\.m2\repository\org\glassfish\jaxb\txw2\2.3.1\txw2-2.3.1.jar;C:\Users\enric\.m2\repository\com\sun\istack\istack-commons-runtime\3.0.7\istack-commons-runtime-3.0.7.jar;C:\Users\enric\.m2\repository\org\jvnet\staxex\stax-ex\1.8\stax-ex-1.8.jar;C:\Users\enric\.m2\repository\com\sun\xml\fastinfoset\FastInfoset\1.2.15\FastInfoset-1.2.15.jar;C:\Users\enric\.m2\repository\org\hibernate\common\hibernate-commons-annotations\5.1.2.Final\hibernate-commons-annotations-5.1.2.Final.jar;C:\Users\enric\.m2\repository\javax\persistence\javax.persistence-api\2.2\javax.persistence-api-2.2.jar;C:\Users\enric\.m2\repository\net\bytebuddy\byte-buddy\1.12.9\byte-buddy-1.12.9.jar;C:\Users\enric\.m2\repository\org\jboss\spec\javax\transaction\jboss-transaction-api_1.2_spec\1.1.1.Final\jboss-transaction-api_1.2_spec-1.1.1.Final.jar;C:\Users\enric\.m2\repository\com\h2database\h2\2.1.212\h2-2.1.212.jar;C:\Users\enric\.m2\repository\com\google\maps\google-maps-services\2.0.0\google-maps-services-2.0.0.jar;C:\Users\enric\.m2\repository\com\squareup\okhttp3\okhttp\4.9.3\okhttp-4.9.3.jar;C:\Users\enric\.m2\re
Launcher Type: SUN_STANDARD

[Global flags]
     intx CICompilerCount                          = 4                                         {product} {ergonomic}
     uint ConcGCThreads                            = 2                                         {product} {ergonomic}
     uint G1ConcRefinementThreads                  = 8                                         {product} {ergonomic}
   size_t G1HeapRegionSize                         = 1048576                                   {product} {ergonomic}
    uintx GCDrainStackTargetSize                   = 64                                        {product} {ergonomic}
   size_t InitialHeapSize                          = 134217728                                 {product} {ergonomic}
   size_t MarkStackSize                            = 4194304                                   {product} {ergonomic}
   size_t MaxHeapSize                              = 2118123520                                {product} {ergonomic}
   size_t MaxNewSize                               = 1270874112                                {product} {ergonomic}
   size_t MinHeapDeltaBytes                        = 1048576                                   {product} {ergonomic}
    uintx NonNMethodCodeHeapSize                   = 5836300                                {pd product} {ergonomic}
    uintx NonProfiledCodeHeapSize                  = 122910970                              {pd product} {ergonomic}
    uintx ProfiledCodeHeapSize                     = 122910970                              {pd product} {ergonomic}
    uintx ReservedCodeCacheSize                    = 251658240                              {pd product} {ergonomic}
     bool SegmentedCodeCache                       = true                                      {product} {ergonomic}
     bool UseCompressedClassPointers               = true                                 {lp64_product} {ergonomic}
     bool UseCompressedOops                        = true                                 {lp64_product} {ergonomic}
     bool UseG1GC                                  = true                                      {product} {ergonomic}
     bool UseLargePagesIndividualAllocation        = false                                  {pd product} {ergonomic}

Logging:
Log output configuration:
 #0: stdout all=warning uptime,level,tags
 #1: stderr all=off uptime,level,tags

Environment Variables:
JAVA_HOME=C:\Program Files\Java\jdk1.8.0_211
CLASSPATH=.;
PATH=C:/Program Files/Java/jdk-11.0.13/bin/server;C:/Program Files/Java/jdk-11.0.13/bin;C:\Program Files\Common Files\Oracle\Java\javapath;C:\Python27\;C:\Python27\Scripts;C:\Program Files (x86)\Intel\iCLS Client\;C:\Program Files\Intel\iCLS Client\;C:\Windows\system32;C:\Windows;C:\Windows\System32\Wbem;C:\Windows\System32\WindowsPowerShell\v1.0\;C:\Program Files (x86)\Intel\Intel(R) Management Engine Components\DAL;C:\Program Files\Intel\Intel(R) Management Engine Components\DAL;C:\Program Files (x86)\Intel\Intel(R) Management Engine Components\IPT;C:\Program Files\Intel\Intel(R) Management Engine Components\IPT;C:\Program Files (x86)\NVIDIA Corporation\PhysX\Common;C:\WINDOWS\system32;C:\WINDOWS;C:\WINDOWS\System32\Wbem;C:\WINDOWS\System32\WindowsPowerShell\v1.0\;C:\WINDOWS\System32\OpenSSH\;C:\Program Files\Intel\WiFi\bin\;C:\Program Files\Common Files\Intel\WirelessCommon\;C:\Program Files\dotnet\;C:\Program Files\NVIDIA Corporation\NVIDIA NvDLISR;C:\Program Files (x86)\AOMEI\AOMEI Backupper 6.3.0;C:\ProgramData\chocolatey\bin;C:\Program Files\Java\jdk1.8.0_211\bin;C:\Users\enric\AppData\Local\Android\Sdk\platform-tools;C:\Program Files\nodejs\;C:\Users\enric\AppData\Local\Android\Sdk\tools;C:\Users\enric\AppData\Local\Microsoft\WindowsApps;;C:\Users\enric\AppData\Local\Programs\Microsoft VS Code\bin;C:\Users\enric\AppData\Roaming\npm;C:\Users\enric\OneDrive\Área de Trabalho;
USERNAME=enric
OS=Windows_NT
PROCESSOR_IDENTIFIER=Intel64 Family 6 Model 142 Stepping 10, GenuineIntel



---------------  S Y S T E M  ---------------

OS: Windows 10 , 64 bit Build 18362 (10.0.18362.1110)

CPU:total 8 (initial active 8) (4 cores per cpu, 2 threads per core) family 6 model 142 stepping 10 microcode 0xe0, cmov, cx8, fxsr, mmx, sse, sse2, sse3, ssse3, sse4.1, sse4.2, popcnt, avx, avx2, aes, clmul, erms, 3dnowpref, lzcnt, ht, tsc, tscinvbit, bmi1, bmi2, adx, fma

Memory: 4k page, system-wide physical 8074M (795M free)
TotalPageFile size 8074M (AvailPageFile size 0M)
current process WorkingSet (physical memory assigned to process): 169M, peak: 206M
current process commit charge ("private bytes"): 272M, peak: 308M

vm_info: Java HotSpot(TM) 64-Bit Server VM (11.0.13+10-LTS-370) for windows-amd64 JRE (11.0.13+10-LTS-370), built on Sep 15 2021 22:10:36 by "mach5one" with MS VC++ 15.9 (VS2017)

END.
